<?xml version="1.0" encoding="UTF-8"?>
<testsuites name="Regresstion" time="7" tests="0" failures="1" errors="0">
   <testsuite name="Regresstion" tests="0" failures="1" errors="0" time="7" timestamp="2018-07-04 18:18:20" hostname="nuthankumarkb - NIBC2646.nousinfo.com" id="Test Suites/Regresstion">
      <properties>
         <property name="deviceName" value=""/>
         <property name="devicePlatform" value=""/>
         <property name="logFolder" value="E:\\katalone_btp\\btp\\Reports\\Regresstion\\20180704_181819"/>
         <property name="logFiles" value="E:\\katalone_btp\\btp\\Reports\\Regresstion\\20180704_181819\\execution0.log"/>
         <property name="attachments" value="E:\\katalone_btp\\btp\\Reports\\Regresstion\\20180704_181819\\1530708506919.png"/>
         <property name="hostName" value="nuthankumarkb - NIBC2646.nousinfo.com"/>
         <property name="os" value="Windows 10 64bit"/>
         <property name="katalonVersion" value="5.4.2.1"/>
         <property name="browser" value="Firefox 60.0"/>
         <property name="hostAddress" value="192.168.25.30"/>
         <property name="sessionId" value="658f8c1e-bd0a-4ab7-b639-1ec7b61eb1a4"/>
         <property name="seleniumVersion" value="3.7.1"/>
         <property name="proxyInformation" value="ProxyInformation{proxyOption=NO_PROXY, proxyServerType=HTTP, password=, proxyServerAddress=, proxyServerPort=0}"/>
         <property name="platform" value="Windows 10"/>
      </properties>
      <testcase name="Test Cases/Common Test Cases/login" classname="Test Cases/Common Test Cases/login" status="FAILED">
         <failure type="FAILED" message="Unable to click on object (Root cause: java.lang.IllegalArgumentException: Object is null)"/>
         <system-out><![CDATA[2018-07-04 18:18:20 - [TEST_CASE][FAILED] - Test Cases/Common Test Cases/login: Test Cases/Common Test Cases/login FAILED because (of) Unable to click on object (Root cause: java.lang.IllegalArgumentException: Object is null)

2018-07-04 18:18:20 - [TEST_STEP][PASSED] - openBrowser: Browser is opened with url: ''

2018-07-04 18:18:25 - [MESSAGE][PASSED] - Browser is opened with url: ''

2018-07-04 18:18:25 - [TEST_STEP][PASSED] - navigateToUrl: Navigate to 'http://localhost:8888/' successfully

2018-07-04 18:18:26 - [MESSAGE][PASSED] - Navigate to 'http://localhost:8888/' successfully

2018-07-04 18:18:26 - [TEST_STEP][FAILED] - click: Unable to click on object (Root cause: java.lang.IllegalArgumentException: Object is null)

2018-07-04 18:18:26 - [MESSAGE][WARNING] - Test object with id 'Object Repository/Page_Spring Security Tutorial/form_Welcome     Login' does not exist

2018-07-04 18:18:26 - [MESSAGE][WARNING] - Test object with id 'Object Repository/' does not exist

2018-07-04 18:18:27 - [MESSAGE][FAILED] - Unable to click on object (Root cause: java.lang.IllegalArgumentException: Object is null)
[[ATTACHMENT|E:\\katalone_btp\\btp\\Reports\\Regresstion\\20180704_181819\\1530708506919.png]]]]></system-out>
         <system-err><![CDATA[2018-07-04 18:18:20 - [TEST_CASE][FAILED] - Test Cases/Common Test Cases/login: Test Cases/Common Test Cases/login FAILED because (of) Unable to click on object (Root cause: java.lang.IllegalArgumentException: Object is null)]]></system-err>
      </testcase>
      <system-out><![CDATA[2018-07-04 18:18:20 - [TEST_SUITE][FAILED] - Regresstion: Test Cases/Common Test Cases/login FAILED because (of) Unable to click on object (Root cause: java.lang.IllegalArgumentException: Object is null)]]></system-out>
      <system-err><![CDATA[2018-07-04 18:18:20 - [TEST_SUITE][FAILED] - Regresstion: Test Cases/Common Test Cases/login FAILED because (of) Unable to click on object (Root cause: java.lang.IllegalArgumentException: Object is null)]]></system-err>
   </testsuite>
</testsuites>
